<?xml version="1.0" encoding="UTF-8"?>
<!-- Generated by org.testng.reporters.JUnitXMLReporter -->
<testsuite hostname="Sathaga" name="Test" tests="6" failures="0" timestamp="20 Apr 2022 19:10:02 GMT" time="5.146" errors="0">
  <testcase name="getEmployeeDetails" time="4.117" classname="com.mk.tests.GetTests"/>
  <testcase name="assignmentTestCall" time="4.416" classname="com.mk.tests.AssignmentTest"/>
  <testcase name="postNewEmployee" time="4.775" classname="com.mk.tests.PostTest"/>
  <testcase name="getSingleEmployeeDetail" time="5.004" classname="com.mk.tests.GetTests"/>
  <testcase name="getSingleEmployeeDetail" time="0.055" classname="com.mk.tests.GetTests"/>
  <testcase name="getSingleEmployeeDetail" time="0.063" classname="com.mk.tests.GetTests"/>
</testsuite> <!-- Test -->
