<?xml version="1.0" encoding="UTF-8"?>
<!-- Generated by org.testng.reporters.JUnitXMLReporter -->
<testsuite hostname="Sathaga" name="Test" tests="6" failures="0" timestamp="24 Apr 2022 11:28:12 GMT" time="6.959" errors="0">
  <testcase name="postNewEmployee" time="5.163" classname="com.mk.tests.PostTest"/>
  <testcase name="getEmployeeDetails" time="0.49" classname="com.mk.tests.GetTests"/>
  <testcase name="getSingleEmployeeDetail" time="0.724" classname="com.mk.tests.GetTests"/>
  <testcase name="getSingleEmployeeDetail" time="0.063" classname="com.mk.tests.GetTests"/>
  <testcase name="getSingleEmployeeDetail" time="0.061" classname="com.mk.tests.GetTests"/>
  <testcase name="assignmentTestCall" time="0.428" classname="com.mk.tests.AssignmentTest"/>
</testsuite> <!-- Test -->
