<?xml version="1.0" encoding="UTF-8"?>
<!-- Generated by org.testng.reporters.JUnitXMLReporter -->
<testsuite hostname="Sathaga" name="Default test" tests="4" failures="0" timestamp="18 Apr 2022 16:21:53 GMT" time="3.993" errors="0">
  <testcase name="getEmployeeDetails" time="3.144" classname="com.mk.tests.GetTests"/>
  <testcase name="getSingleEmployeeDetail" time="0.676" classname="com.mk.tests.GetTests"/>
  <testcase name="getSingleEmployeeDetail" time="0.07" classname="com.mk.tests.GetTests"/>
  <testcase name="getSingleEmployeeDetail" time="0.062" classname="com.mk.tests.GetTests"/>
</testsuite> <!-- Default test -->
