<?xml version="1.0" encoding="UTF-8"?>
<!-- Generated by org.testng.reporters.JUnitXMLReporter -->
<testsuite hostname="Sathaga" name="Default test" tests="4" failures="0" timestamp="24 Apr 2022 11:26:57 GMT" time="4.635" errors="0">
  <testcase name="getEmployeeDetails" time="3.71" classname="com.mk.tests.GetTests"/>
  <testcase name="getSingleEmployeeDetail" time="0.75" classname="com.mk.tests.GetTests"/>
  <testcase name="getSingleEmployeeDetail" time="0.069" classname="com.mk.tests.GetTests"/>
  <testcase name="getSingleEmployeeDetail" time="0.076" classname="com.mk.tests.GetTests"/>
</testsuite> <!-- Default test -->
