<?xml version="1.0" encoding="UTF-8"?>
<!-- Generated by org.testng.reporters.JUnitXMLReporter -->
<testsuite hostname="Sathaga" ignored="5" name="Test" tests="6" failures="0" timestamp="2022-04-24T16:59:55 IST" time="6.744" errors="0">
  <testcase name="postNewEmployee" time="4.756" classname="com.mk.tests.PostTest"/>
  <testcase name="getEmployeeDetails" time="0.716" classname="com.mk.tests.GetTests"/>
  <testcase name="getSingleEmployeeDetail" time="0.732" classname="com.mk.tests.GetTests"/>
  <testcase name="getSingleEmployeeDetail" time="0.067" classname="com.mk.tests.GetTests"/>
  <testcase name="getSingleEmployeeDetail" time="0.058" classname="com.mk.tests.GetTests"/>
  <testcase name="assignmentTestCall" time="0.345" classname="com.mk.tests.AssignmentTest"/>
  <testcase name="getEmployeeTest" time="0.0" classname="com.mk.tests.GetTests">
    <ignored/>
  </testcase> <!-- getEmployeeTest -->
  <testcase name="postNewEmployeeUsingExternalFileSingleton" time="0.0" classname="com.mk.tests.PostTest">
    <ignored/>
  </testcase> <!-- postNewEmployeeUsingExternalFileSingleton -->
  <testcase name="@AfterSuite tearDownSuite" time="0.0" classname="com.mk.tests.BaseTest">
    <ignored/>
  </testcase> <!-- @AfterSuite tearDownSuite -->
  <testcase name="@BeforeSuite setUpSuite" time="0.0" classname="com.mk.tests.BaseTest">
    <ignored/>
  </testcase> <!-- @BeforeSuite setUpSuite -->
  <testcase name="postNewEmployeeUsingExternalFile" time="0.0" classname="com.mk.tests.PostTest">
    <ignored/>
  </testcase> <!-- postNewEmployeeUsingExternalFile -->
</testsuite> <!-- Test -->
