<?xml version="1.0" encoding="UTF-8"?>
<!-- Generated by org.testng.reporters.JUnitXMLReporter -->
<testsuite hostname="Sathaga" ignored="5" name="Test" tests="6" failures="0" timestamp="2022-04-21T17:47:25 IST" time="5.776" errors="0">
  <testcase name="getEmployeeDetails" time="4.484" classname="com.mk.tests.GetTests"/>
  <testcase name="assignmentTestCall" time="4.935" classname="com.mk.tests.AssignmentTest"/>
  <testcase name="postNewEmployee" time="5.51" classname="com.mk.tests.PostTest"/>
  <testcase name="getSingleEmployeeDetail" time="5.599" classname="com.mk.tests.GetTests"/>
  <testcase name="getSingleEmployeeDetail" time="0.057" classname="com.mk.tests.GetTests"/>
  <testcase name="getSingleEmployeeDetail" time="0.062" classname="com.mk.tests.GetTests"/>
  <testcase name="getEmployeeTest" time="0.0" classname="com.mk.tests.GetTests">
    <ignored/>
  </testcase> <!-- getEmployeeTest -->
  <testcase name="postNewEmployeeUsingExternalFileSingleton" time="0.0" classname="com.mk.tests.PostTest">
    <ignored/>
  </testcase> <!-- postNewEmployeeUsingExternalFileSingleton -->
  <testcase name="@AfterSuite tearDownSuite" time="0.0" classname="com.mk.tests.BaseTest">
    <ignored/>
  </testcase> <!-- @AfterSuite tearDownSuite -->
  <testcase name="@BeforeSuite setUpSuite" time="0.0" classname="com.mk.tests.BaseTest">
    <ignored/>
  </testcase> <!-- @BeforeSuite setUpSuite -->
  <testcase name="postNewEmployeeUsingExternalFile" time="0.0" classname="com.mk.tests.PostTest">
    <ignored/>
  </testcase> <!-- postNewEmployeeUsingExternalFile -->
</testsuite> <!-- Test -->
