<?xml version="1.0" encoding="UTF-8"?>
<testng-results skipped="0" failed="0" total="1" passed="1">
  <reporter-output>
  </reporter-output>
  <suite name="Default suite" duration-ms="5739" started-at="2022-04-21T18:04:59Z" finished-at="2022-04-21T18:05:04Z">
    <groups>
    </groups>
    <test name="Default test" duration-ms="5739" started-at="2022-04-21T18:04:59Z" finished-at="2022-04-21T18:05:04Z">
      <class name="com.mk.tests.AuthorizationTest">
        <test-method status="PASS" signature="getAllWorkspaceInPostman()[pri:0, instance:com.mk.tests.AuthorizationTest@129a8472]" name="getAllWorkspaceInPostman" duration-ms="5721" started-at="2022-04-21T23:34:59Z" finished-at="2022-04-21T23:35:04Z">
          <reporter-output>
          </reporter-output>
        </test-method> <!-- getAllWorkspaceInPostman -->
      </class> <!-- com.mk.tests.AuthorizationTest -->
    </test> <!-- Default test -->
  </suite> <!-- Default suite -->
</testng-results>
