<?xml version="1.0" encoding="UTF-8"?>
<testng-results skipped="0" failed="0" total="1" passed="1">
  <reporter-output>
  </reporter-output>
  <suite name="Default suite" duration-ms="4554" started-at="2022-04-24T05:42:12Z" finished-at="2022-04-24T05:42:16Z">
    <groups>
    </groups>
    <test name="Default test" duration-ms="4554" started-at="2022-04-24T05:42:12Z" finished-at="2022-04-24T05:42:16Z">
      <class name="com.mk.tests.AuthorizationTest">
        <test-method status="PASS" signature="getMyGitHubRepos()[pri:0, instance:com.mk.tests.AuthorizationTest@129a8472]" name="getMyGitHubRepos" duration-ms="4536" started-at="2022-04-24T11:12:12Z" finished-at="2022-04-24T11:12:16Z">
          <reporter-output>
          </reporter-output>
        </test-method> <!-- getMyGitHubRepos -->
      </class> <!-- com.mk.tests.AuthorizationTest -->
    </test> <!-- Default test -->
  </suite> <!-- Default suite -->
</testng-results>
